This is pdfTeX, Version 3.1415926-2.5-1.40.14 (MiKTeX 2.9) (preloaded format=pdflatex 2015.2.20)  28 JAN 2016 15:31
entering extended mode
**ExamModel.tex
(C:\Users\kevin.obrien\Documents\GitHub\MathsResource\MS4131\ExamModel.tex
LaTeX2e <2011/06/27>
Babel <v3.8m> and hyphenation patterns for english, afrikaans, ancientgreek, ar
abic, armenian, assamese, basque, bengali, bokmal, bulgarian, catalan, coptic, 
croatian, czech, danish, dutch, esperanto, estonian, farsi, finnish, french, ga
lician, german, german-x-2013-05-26, greek, gujarati, hindi, hungarian, iceland
ic, indonesian, interlingua, irish, italian, kannada, kurmanji, latin, latvian,
 lithuanian, malayalam, marathi, mongolian, mongolianlmc, monogreek, ngerman, n
german-x-2013-05-26, nynorsk, oriya, panjabi, pinyin, polish, portuguese, roman
ian, russian, sanskrit, serbian, slovak, slovenian, spanish, swedish, swissgerm
an, tamil, telugu, turkish, turkmen, ukenglish, ukrainian, uppersorbian, usengl
ishmax, welsh, loaded.
("C:\Program Files (x86)\MiKTeX 2.9\tex\latex\base\article.cls"
Document Class: article 2007/10/19 v1.4h Standard LaTeX document class
("C:\Program Files (x86)\MiKTeX 2.9\tex\latex\base\size12.clo"
File: size12.clo 2007/10/19 v1.4h Standard LaTeX file (size option)
)
\c@part=\count79
\c@section=\count80
\c@subsection=\count81
\c@subsubsection=\count82
\c@paragraph=\count83
\c@subparagraph=\count84
\c@figure=\count85
\c@table=\count86
\abovecaptionskip=\skip41
\belowcaptionskip=\skip42
\bibindent=\dimen102
)
("C:\Program Files (x86)\MiKTeX 2.9\tex\latex\amsmath\amsmath.sty"
Package: amsmath 2013/01/14 v2.14 AMS math features
\@mathmargin=\skip43

For additional information on amsmath, use the `?' option.
("C:\Program Files (x86)\MiKTeX 2.9\tex\latex\amsmath\amstext.sty"
Package: amstext 2000/06/29 v2.01

("C:\Program Files (x86)\MiKTeX 2.9\tex\latex\amsmath\amsgen.sty"
File: amsgen.sty 1999/11/30 v2.0
\@emptytoks=\toks14
\ex@=\dimen103
))
("C:\Program Files (x86)\MiKTeX 2.9\tex\latex\amsmath\amsbsy.sty"
Package: amsbsy 1999/11/29 v1.2d
\pmbraise@=\dimen104
)
("C:\Program Files (x86)\MiKTeX 2.9\tex\latex\amsmath\amsopn.sty"
Package: amsopn 1999/12/14 v2.01 operator names
)
\inf@bad=\count87
LaTeX Info: Redefining \frac on input line 210.
\uproot@=\count88
\leftroot@=\count89
LaTeX Info: Redefining \overline on input line 306.
\classnum@=\count90
\DOTSCASE@=\count91
LaTeX Info: Redefining \ldots on input line 378.
LaTeX Info: Redefining \dots on input line 381.
LaTeX Info: Redefining \cdots on input line 466.
\Mathstrutbox@=\box26
\strutbox@=\box27
\big@size=\dimen105
LaTeX Font Info:    Redeclaring font encoding OML on input line 566.
LaTeX Font Info:    Redeclaring font encoding OMS on input line 567.
\macc@depth=\count92
\c@MaxMatrixCols=\count93
\dotsspace@=\muskip10
\c@parentequation=\count94
\dspbrk@lvl=\count95
\tag@help=\toks15
\row@=\count96
\column@=\count97
\maxfields@=\count98
\andhelp@=\toks16
\eqnshift@=\dimen106
\alignsep@=\dimen107
\tagshift@=\dimen108
\tagwidth@=\dimen109
\totwidth@=\dimen110
\lineht@=\dimen111
\@envbody=\toks17
\multlinegap=\skip44
\multlinetaggap=\skip45
\mathdisplay@stack=\toks18
LaTeX Info: Redefining \[ on input line 2665.
LaTeX Info: Redefining \] on input line 2666.
)
("C:\Program Files (x86)\MiKTeX 2.9\tex\latex\tools\enumerate.sty"
Package: enumerate 1999/03/05 v3.00 enumerate extensions (DPC)
\@enLab=\toks19
)
("C:\Program Files (x86)\MiKTeX 2.9\tex\latex\base\ifthen.sty"
Package: ifthen 2001/05/26 v1.1c Standard LaTeX ifthen package (DPC)
)
("C:\Program Files (x86)\MiKTeX 2.9\tex\latex\amsfonts\amssymb.sty"
Package: amssymb 2013/01/14 v3.01 AMS font symbols

("C:\Program Files (x86)\MiKTeX 2.9\tex\latex\amsfonts\amsfonts.sty"
Package: amsfonts 2013/01/14 v3.01 Basic AMSFonts support
\symAMSa=\mathgroup4
\symAMSb=\mathgroup5
LaTeX Font Info:    Overwriting math alphabet `\mathfrak' in version `bold'
(Font)                  U/euf/m/n --> U/euf/b/n on input line 106.
))
("C:\Program Files (x86)\MiKTeX 2.9\tex\latex\psnfss\times.sty"
Package: times 2005/04/12 PSNFSS-v9.2a (SPQR) 
)
(C:\Users\kevin.obrien\AppData\Roaming\MiKTeX\2.9\tex\latex\fancyhdr\fancyhdr.s
ty
\fancy@headwidth=\skip46
\f@ncyO@elh=\skip47
\f@ncyO@erh=\skip48
\f@ncyO@olh=\skip49
\f@ncyO@orh=\skip50
\f@ncyO@elf=\skip51
\f@ncyO@erf=\skip52
\f@ncyO@olf=\skip53
\f@ncyO@orf=\skip54
) ("C:\Program Files (x86)\MiKTeX 2.9\tex\latex\graphics\graphicx.sty"
Package: graphicx 1999/02/16 v1.0f Enhanced LaTeX Graphics (DPC,SPQR)

("C:\Program Files (x86)\MiKTeX 2.9\tex\latex\graphics\keyval.sty"
Package: keyval 1999/03/16 v1.13 key=value parser (DPC)
\KV@toks@=\toks20
)
("C:\Program Files (x86)\MiKTeX 2.9\tex\latex\graphics\graphics.sty"
Package: graphics 2009/02/05 v1.0o Standard LaTeX Graphics (DPC,SPQR)

("C:\Program Files (x86)\MiKTeX 2.9\tex\latex\graphics\trig.sty"
Package: trig 1999/03/16 v1.09 sin cos tan (DPC)
)
("C:\Program Files (x86)\MiKTeX 2.9\tex\latex\00miktex\graphics.cfg"
File: graphics.cfg 2007/01/18 v1.5 graphics configuration of teTeX/TeXLive
)
Package graphics Info: Driver file: pdftex.def on input line 91.

("C:\Program Files (x86)\MiKTeX 2.9\tex\latex\pdftex-def\pdftex.def"
File: pdftex.def 2011/05/27 v0.06d Graphics/color for pdfTeX

("C:\Program Files (x86)\MiKTeX 2.9\tex\generic\oberdiek\infwarerr.sty"
Package: infwarerr 2010/04/08 v1.3 Providing info/warning/error messages (HO)
)
("C:\Program Files (x86)\MiKTeX 2.9\tex\generic\oberdiek\ltxcmds.sty"
Package: ltxcmds 2011/11/09 v1.22 LaTeX kernel commands for general use (HO)
)
\Gread@gobject=\count99
))
\Gin@req@height=\dimen112
\Gin@req@width=\dimen113
)
(C:\Users\kevin.obrien\AppData\Roaming\MiKTeX\2.9\tex\latex\pgf\utilities\pgfpa
ges.sty
Package: pgfpages 2011/01/05 ver 0.02

(C:\Users\kevin.obrien\AppData\Roaming\MiKTeX\2.9\tex\latex\pgf\basiclayer\pgfc
ore.sty
(C:\Users\kevin.obrien\AppData\Roaming\MiKTeX\2.9\tex\latex\pgf\systemlayer\pgf
sys.sty
(C:\Users\kevin.obrien\AppData\Roaming\MiKTeX\2.9\tex\latex\pgf\utilities\pgfrc
s.sty
(C:\Users\kevin.obrien\AppData\Roaming\MiKTeX\2.9\tex\generic\pgf\utilities\pgf
util-common.tex
\pgfutil@everybye=\toks21
\pgfutil@tempdima=\dimen114
\pgfutil@tempdimb=\dimen115

(C:\Users\kevin.obrien\AppData\Roaming\MiKTeX\2.9\tex\generic\pgf\utilities\pgf
util-common-lists.tex))
(C:\Users\kevin.obrien\AppData\Roaming\MiKTeX\2.9\tex\generic\pgf\utilities\pgf
util-latex.def
\pgfutil@abb=\box28

(C:\Users\kevin.obrien\AppData\Roaming\MiKTeX\2.9\tex\latex\ms\everyshi.sty
Package: everyshi 2001/05/15 v3.00 EveryShipout Package (MS)
))
(C:\Users\kevin.obrien\AppData\Roaming\MiKTeX\2.9\tex\generic\pgf\utilities\pgf
rcs.code.tex
Package: pgfrcs 2013/12/20 v3.0.0 (rcs-revision 1.28)
))
(C:\Users\kevin.obrien\AppData\Roaming\MiKTeX\2.9\tex\generic\pgf\systemlayer\p
gfsys.code.tex
Package: pgfsys 2013/11/30 v3.0.0 (rcs-revision 1.47)

(C:\Users\kevin.obrien\AppData\Roaming\MiKTeX\2.9\tex\generic\pgf\utilities\pgf
keys.code.tex
\pgfkeys@pathtoks=\toks22
\pgfkeys@temptoks=\toks23

(C:\Users\kevin.obrien\AppData\Roaming\MiKTeX\2.9\tex\generic\pgf\utilities\pgf
keysfiltered.code.tex
\pgfkeys@tmptoks=\toks24
))
\pgf@x=\dimen116
\pgf@y=\dimen117
\pgf@xa=\dimen118
\pgf@ya=\dimen119
\pgf@xb=\dimen120
\pgf@yb=\dimen121
\pgf@xc=\dimen122
\pgf@yc=\dimen123
\w@pgf@writea=\write3
\r@pgf@reada=\read1
\c@pgf@counta=\count100
\c@pgf@countb=\count101
\c@pgf@countc=\count102
\c@pgf@countd=\count103
\t@pgf@toka=\toks25
\t@pgf@tokb=\toks26
\t@pgf@tokc=\toks27

(C:\Users\kevin.obrien\AppData\Roaming\MiKTeX\2.9\tex\generic\pgf\systemlayer\p
gf.cfg
File: pgf.cfg 2008/05/14  (rcs-revision 1.7)
)
Driver file for pgf: pgfsys-pdftex.def

(C:\Users\kevin.obrien\AppData\Roaming\MiKTeX\2.9\tex\generic\pgf\systemlayer\p
gfsys-pdftex.def
File: pgfsys-pdftex.def 2013/07/18  (rcs-revision 1.33)

(C:\Users\kevin.obrien\AppData\Roaming\MiKTeX\2.9\tex\generic\pgf\systemlayer\p
gfsys-common-pdf.def
File: pgfsys-common-pdf.def 2013/10/10  (rcs-revision 1.13)
)))
(C:\Users\kevin.obrien\AppData\Roaming\MiKTeX\2.9\tex\generic\pgf\systemlayer\p
gfsyssoftpath.code.tex
File: pgfsyssoftpath.code.tex 2013/09/09  (rcs-revision 1.9)
\pgfsyssoftpath@smallbuffer@items=\count104
\pgfsyssoftpath@bigbuffer@items=\count105
)
(C:\Users\kevin.obrien\AppData\Roaming\MiKTeX\2.9\tex\generic\pgf\systemlayer\p
gfsysprotocol.code.tex
File: pgfsysprotocol.code.tex 2006/10/16  (rcs-revision 1.4)
))
(C:\Users\kevin.obrien\AppData\Roaming\MiKTeX\2.9\tex\latex\xcolor\xcolor.sty
Package: xcolor 2007/01/21 v2.11 LaTeX color extensions (UK)

("C:\Program Files (x86)\MiKTeX 2.9\tex\latex\00miktex\color.cfg"
File: color.cfg 2007/01/18 v1.5 color configuration of teTeX/TeXLive
)
Package xcolor Info: Driver file: pdftex.def on input line 225.
Package xcolor Info: Model `cmy' substituted by `cmy0' on input line 1337.
Package xcolor Info: Model `hsb' substituted by `rgb' on input line 1341.
Package xcolor Info: Model `RGB' extended on input line 1353.
Package xcolor Info: Model `HTML' substituted by `rgb' on input line 1355.
Package xcolor Info: Model `Hsb' substituted by `hsb' on input line 1356.
Package xcolor Info: Model `tHsb' substituted by `hsb' on input line 1357.
Package xcolor Info: Model `HSB' substituted by `hsb' on input line 1358.
Package xcolor Info: Model `Gray' substituted by `gray' on input line 1359.
Package xcolor Info: Model `wave' substituted by `hsb' on input line 1360.
)
(C:\Users\kevin.obrien\AppData\Roaming\MiKTeX\2.9\tex\generic\pgf\basiclayer\pg
fcore.code.tex
Package: pgfcore 2010/04/11 v3.0.0 (rcs-revision 1.7)

(C:\Users\kevin.obrien\AppData\Roaming\MiKTeX\2.9\tex\generic\pgf\math\pgfmath.
code.tex
(C:\Users\kevin.obrien\AppData\Roaming\MiKTeX\2.9\tex\generic\pgf\math\pgfmathc
alc.code.tex
(C:\Users\kevin.obrien\AppData\Roaming\MiKTeX\2.9\tex\generic\pgf\math\pgfmathu
til.code.tex)
(C:\Users\kevin.obrien\AppData\Roaming\MiKTeX\2.9\tex\generic\pgf\math\pgfmathp
arser.code.tex
\pgfmath@dimen=\dimen124
\pgfmath@count=\count106
\pgfmath@box=\box29
\pgfmath@toks=\toks28
\pgfmath@stack@operand=\toks29
\pgfmath@stack@operation=\toks30
)
(C:\Users\kevin.obrien\AppData\Roaming\MiKTeX\2.9\tex\generic\pgf\math\pgfmathf
unctions.code.tex
(C:\Users\kevin.obrien\AppData\Roaming\MiKTeX\2.9\tex\generic\pgf\math\pgfmathf
unctions.basic.code.tex)
(C:\Users\kevin.obrien\AppData\Roaming\MiKTeX\2.9\tex\generic\pgf\math\pgfmathf
unctions.trigonometric.code.tex)
(C:\Users\kevin.obrien\AppData\Roaming\MiKTeX\2.9\tex\generic\pgf\math\pgfmathf
unctions.random.code.tex)
(C:\Users\kevin.obrien\AppData\Roaming\MiKTeX\2.9\tex\generic\pgf\math\pgfmathf
unctions.comparison.code.tex)
(C:\Users\kevin.obrien\AppData\Roaming\MiKTeX\2.9\tex\generic\pgf\math\pgfmathf
unctions.base.code.tex)
(C:\Users\kevin.obrien\AppData\Roaming\MiKTeX\2.9\tex\generic\pgf\math\pgfmathf
unctions.round.code.tex)
(C:\Users\kevin.obrien\AppData\Roaming\MiKTeX\2.9\tex\generic\pgf\math\pgfmathf
unctions.misc.code.tex)
(C:\Users\kevin.obrien\AppData\Roaming\MiKTeX\2.9\tex\generic\pgf\math\pgfmathf
unctions.integerarithmetics.code.tex)))
(C:\Users\kevin.obrien\AppData\Roaming\MiKTeX\2.9\tex\generic\pgf\math\pgfmathf
loat.code.tex
\c@pgfmathroundto@lastzeros=\count107
))
(C:\Users\kevin.obrien\AppData\Roaming\MiKTeX\2.9\tex\generic\pgf\basiclayer\pg
fcorepoints.code.tex
File: pgfcorepoints.code.tex 2013/10/07  (rcs-revision 1.27)
\pgf@picminx=\dimen125
\pgf@picmaxx=\dimen126
\pgf@picminy=\dimen127
\pgf@picmaxy=\dimen128
\pgf@pathminx=\dimen129
\pgf@pathmaxx=\dimen130
\pgf@pathminy=\dimen131
\pgf@pathmaxy=\dimen132
\pgf@xx=\dimen133
\pgf@xy=\dimen134
\pgf@yx=\dimen135
\pgf@yy=\dimen136
\pgf@zx=\dimen137
\pgf@zy=\dimen138
)
(C:\Users\kevin.obrien\AppData\Roaming\MiKTeX\2.9\tex\generic\pgf\basiclayer\pg
fcorepathconstruct.code.tex
File: pgfcorepathconstruct.code.tex 2013/10/07  (rcs-revision 1.29)
\pgf@path@lastx=\dimen139
\pgf@path@lasty=\dimen140
)
(C:\Users\kevin.obrien\AppData\Roaming\MiKTeX\2.9\tex\generic\pgf\basiclayer\pg
fcorepathusage.code.tex
File: pgfcorepathusage.code.tex 2013/12/13  (rcs-revision 1.23)
\pgf@shorten@end@additional=\dimen141
\pgf@shorten@start@additional=\dimen142
)
(C:\Users\kevin.obrien\AppData\Roaming\MiKTeX\2.9\tex\generic\pgf\basiclayer\pg
fcorescopes.code.tex
File: pgfcorescopes.code.tex 2013/10/09  (rcs-revision 1.44)
\pgfpic=\box30
\pgf@hbox=\box31
\pgf@layerbox@main=\box32
\pgf@picture@serial@count=\count108
)
(C:\Users\kevin.obrien\AppData\Roaming\MiKTeX\2.9\tex\generic\pgf\basiclayer\pg
fcoregraphicstate.code.tex
File: pgfcoregraphicstate.code.tex 2013/09/19  (rcs-revision 1.11)
\pgflinewidth=\dimen143
)
(C:\Users\kevin.obrien\AppData\Roaming\MiKTeX\2.9\tex\generic\pgf\basiclayer\pg
fcoretransformations.code.tex
File: pgfcoretransformations.code.tex 2013/10/10  (rcs-revision 1.17)
\pgf@pt@x=\dimen144
\pgf@pt@y=\dimen145
\pgf@pt@temp=\dimen146
)
(C:\Users\kevin.obrien\AppData\Roaming\MiKTeX\2.9\tex\generic\pgf\basiclayer\pg
fcorequick.code.tex
File: pgfcorequick.code.tex 2008/10/09  (rcs-revision 1.3)
)
(C:\Users\kevin.obrien\AppData\Roaming\MiKTeX\2.9\tex\generic\pgf\basiclayer\pg
fcoreobjects.code.tex
File: pgfcoreobjects.code.tex 2006/10/11  (rcs-revision 1.2)
)
(C:\Users\kevin.obrien\AppData\Roaming\MiKTeX\2.9\tex\generic\pgf\basiclayer\pg
fcorepathprocessing.code.tex
File: pgfcorepathprocessing.code.tex 2013/09/09  (rcs-revision 1.9)
)
(C:\Users\kevin.obrien\AppData\Roaming\MiKTeX\2.9\tex\generic\pgf\basiclayer\pg
fcorearrows.code.tex
File: pgfcorearrows.code.tex 2013/11/07  (rcs-revision 1.40)
\pgfarrowsep=\dimen147
)
(C:\Users\kevin.obrien\AppData\Roaming\MiKTeX\2.9\tex\generic\pgf\basiclayer\pg
fcoreshade.code.tex
File: pgfcoreshade.code.tex 2013/07/15  (rcs-revision 1.15)
\pgf@max=\dimen148
\pgf@sys@shading@range@num=\count109
)
(C:\Users\kevin.obrien\AppData\Roaming\MiKTeX\2.9\tex\generic\pgf\basiclayer\pg
fcoreimage.code.tex
File: pgfcoreimage.code.tex 2013/07/15  (rcs-revision 1.18)

(C:\Users\kevin.obrien\AppData\Roaming\MiKTeX\2.9\tex\generic\pgf\basiclayer\pg
fcoreexternal.code.tex
File: pgfcoreexternal.code.tex 2013/07/15  (rcs-revision 1.20)
\pgfexternal@startupbox=\box33
))
(C:\Users\kevin.obrien\AppData\Roaming\MiKTeX\2.9\tex\generic\pgf\basiclayer\pg
fcorelayers.code.tex
File: pgfcorelayers.code.tex 2013/07/18  (rcs-revision 1.7)
)
(C:\Users\kevin.obrien\AppData\Roaming\MiKTeX\2.9\tex\generic\pgf\basiclayer\pg
fcoretransparency.code.tex
File: pgfcoretransparency.code.tex 2013/09/30  (rcs-revision 1.5)
)
(C:\Users\kevin.obrien\AppData\Roaming\MiKTeX\2.9\tex\generic\pgf\basiclayer\pg
fcorepatterns.code.tex
File: pgfcorepatterns.code.tex 2013/11/07  (rcs-revision 1.5)
)))
("C:\Program Files (x86)\MiKTeX 2.9\tex\latex\tools\calc.sty"
Package: calc 2007/08/22 v4.3 Infix arithmetic (KKT,FJ)
\calc@Acount=\count110
\calc@Bcount=\count111
\calc@Adimen=\dimen149
\calc@Bdimen=\dimen150
\calc@Askip=\skip55
\calc@Bskip=\skip56
LaTeX Info: Redefining \setlength on input line 76.
LaTeX Info: Redefining \addtolength on input line 77.
\calc@Ccount=\count112
\calc@Cskip=\skip57
)
\pgf@logicalpages=\count113
\pgf@firstshipout=\count114
\pgf@lastshipout=\count115
\pgf@currentshipout=\count116
\pgf@cpn=\count117
\pgf@shipoutnextto=\count118
\pgfphysicalheight=\dimen151
\pgfphysicalwidth=\dimen152
\pgfpages@shipoutbox=\box34
)
(C:\Users\kevin.obrien\Documents\GitHub\MathsResource\MS4131\ExamModel.aux)
LaTeX Font Info:    Checking defaults for OML/cmm/m/it on input line 109.
LaTeX Font Info:    ... okay on input line 109.
LaTeX Font Info:    Checking defaults for T1/cmr/m/n on input line 109.
LaTeX Font Info:    ... okay on input line 109.
LaTeX Font Info:    Checking defaults for OT1/cmr/m/n on input line 109.
LaTeX Font Info:    ... okay on input line 109.
LaTeX Font Info:    Checking defaults for OMS/cmsy/m/n on input line 109.
LaTeX Font Info:    ... okay on input line 109.
LaTeX Font Info:    Checking defaults for OMX/cmex/m/n on input line 109.
LaTeX Font Info:    ... okay on input line 109.
LaTeX Font Info:    Checking defaults for U/cmr/m/n on input line 109.
LaTeX Font Info:    ... okay on input line 109.
LaTeX Font Info:    Try loading font information for OT1+ptm on input line 109.


("C:\Program Files (x86)\MiKTeX 2.9\tex\latex\psnfss\ot1ptm.fd"
File: ot1ptm.fd 2001/06/04 font definitions for OT1/ptm.
)
(C:\Users\kevin.obrien\AppData\Roaming\MiKTeX\2.9\tex\context\base\supp-pdf.mki
i
[Loading MPS to PDF converter (version 2006.09.02).]
\scratchcounter=\count119
\scratchdimen=\dimen153
\scratchbox=\box35
\nofMPsegments=\count120
\nofMParguments=\count121
\everyMPshowfont=\toks31
\MPscratchCnt=\count122
\MPscratchDim=\dimen154
\MPnumerator=\count123
\makeMPintoPDFobject=\count124
\everyMPtoPDFconversion=\toks32
) ABD: EveryShipout initializing macros
LaTeX Font Info:    Font shape `OT1/ptm/bx/n' in size <14.4> not available
(Font)              Font shape `OT1/ptm/b/n' tried instead on input line 110.
LaTeX Font Info:    Try loading font information for U+msa on input line 119.

("C:\Program Files (x86)\MiKTeX 2.9\tex\latex\amsfonts\umsa.fd"
File: umsa.fd 2013/01/14 v3.01 AMS symbols A
)
LaTeX Font Info:    Try loading font information for U+msb on input line 119.

("C:\Program Files (x86)\MiKTeX 2.9\tex\latex\amsfonts\umsb.fd"
File: umsb.fd 2013/01/14 v3.01 AMS symbols B
)
! Misplaced \noalign.
\hline ->\noalign 
                  {\ifnum 0=`}\fi \hrule \@height \arrayrulewidth \futurelet...
l.138 	\hline
              a &  &  \\
I expect to see \noalign only after the \cr of
an alignment. Proceed, and I'll ignore this case.

! Missing $ inserted.
<inserted text> 
                $
l.138 	\hline
              a &  &  \\
I've inserted a begin-math/end-math symbol since I think
you left one out. Proceed, with fingers crossed.

! Missing } inserted.
<inserted text> 
                }
l.138 	\hline
              a &  &  \\
I've inserted something that you may have forgotten.
(See the <inserted text> above.)
With luck, this will get me unwedged. But if you
really didn't forget anything, try typing `2' now; then
my insertion and my current dilemma will both disappear.

! You can't use `\hrule' here except with leaders.
<recently read> \hrule 
                       
l.138 	\hline
              a &  &  \\
To put a horizontal rule in an hbox or an alignment,
you should use \leaders or \hrulefill (see The TeXbook).

! Missing number, treated as zero.
<to be read again> 
                   \futurelet 
l.138 	\hline
              a &  &  \\
A number should have been here; I inserted `0'.
(If you can't figure out why I needed to see a number,
look up `weird error' in the index to The TeXbook.)

! Illegal unit of measure (pt inserted).
<to be read again> 
                   \futurelet 
l.138 	\hline
              a &  &  \\
Dimensions can be in units of em, ex, in, pt, pc,
cm, mm, dd, cc, nd, nc, bp, or sp; but yours is a new one!
I'll assume that you meant to say pt, for printer's points.
To recover gracefully from this error, it's best to
delete the erroneous units; e.g., type `2' to delete
two letters. (See Chapter 27 of The TeXbook.)

! Missing \cr inserted.
<inserted text> 
                \cr 
l.138 	\hline a
                &  &  \\
I'm guessing that you meant to end an alignment here.

! Missing $ inserted.
<inserted text> 
                $
l.138 	\hline a
                &  &  \\
I've inserted a begin-math/end-math symbol since I think
you left one out. Proceed, with fingers crossed.

! Misplaced alignment tab character &.
l.138 	\hline a &
                   &  \\
I can't figure out why you would want to use a tab mark
here. If you just want an ampersand, the remedy is
simple: Just type `I\&' now. But if some right brace
up above has ended a previous alignment prematurely,
you're probably due for more error messages, and you
might try typing `S' now just to see what is salvageable.

! Misplaced alignment tab character &.
l.138 	\hline a &  &
                      \\
I can't figure out why you would want to use a tab mark
here. If you just want an ampersand, the remedy is
simple: Just type `I\&' now. But if some right brace
up above has ended a previous alignment prematurely,
you're probably due for more error messages, and you
might try typing `S' now just to see what is salvageable.

! Misplaced \cr.
\reserved@b ->\ifnum 0=`{\fi }${}\cr 
                                     
l.138 	\hline a &  &  \\
                        
I can't figure out why you would want to use a tab mark
or \cr or \span just now. If something like a right brace
up above has ended a previous alignment prematurely